[2024-12-04 15:39:59] production.ERROR: ErrorException: file_put_contents(/home/njekev65/php-todo/bootstrap/cache/services.php): failed to open stream: No such file or directory in /home/njekev65/php-todo/vendor/laravel/framework/src/Illuminate/Filesystem/Filesystem.php:81
Stack trace:
#0 [internal function]: Illuminate\Foundation\Bootstrap\HandleExceptions->handleError()
#1 /home/njekev65/php-todo/vendor/laravel/framework/src/Illuminate/Filesystem/Filesystem.php(81): file_put_contents()
#2 /home/njekev65/php-todo/vendor/laravel/framework/src/Illuminate/Foundation/ProviderRepository.php(187): Illuminate\Filesystem\Filesystem->put()
#3 /home/njekev65/php-todo/vendor/laravel/framework/src/Illuminate/Foundation/ProviderRepository.php(135): Illuminate\Foundation\ProviderRepository->writeManifest()
#4 /home/njekev65/php-todo/vendor/laravel/framework/src/Illuminate/Foundation/ProviderRepository.php(60): Illuminate\Foundation\ProviderRepository->compileManifest()
#5 /home/njekev65/php-todo/vendor/laravel/framework/src/Illuminate/Foundation/Application.php(507): Illuminate\Foundation\ProviderRepository->load()
#6 /home/njekev65/php-todo/vendor/laravel/framework/src/Illuminate/Foundation/Bootstrap/RegisterProviders.php(17): Illuminate\Foundation\Application->registerConfiguredProviders()
#7 /home/njekev65/php-todo/vendor/laravel/framework/src/Illuminate/Foundation/Application.php(203): Illuminate\Foundation\Bootstrap\RegisterProviders->bootstrap()
#8 /home/njekev65/php-todo/vendor/laravel/framework/src/Illuminate/Foundation/Console/Kernel.php(208): Illuminate\Foundation\Application->bootstrapWith()
#9 /home/njekev65/php-todo/vendor/laravel/framework/src/Illuminate/Foundation/Console/Kernel.php(105): Illuminate\Foundation\Console\Kernel->bootstrap()
#10 /home/njekev65/php-todo/artisan(35): Illuminate\Foundation\Console\Kernel->handle()
#11 {main}  
[2024-12-04 15:40:26] production.ERROR: ErrorException: Invalid characters passed for attempted conversion, these have been ignored in /home/njekev65/php-todo/vendor/nikic/php-parser/lib/PhpParser/Node/Scalar/String_.php:97
Stack trace:
#0 [internal function]: Illuminate\Foundation\Bootstrap\HandleExceptions->handleError()
#1 /home/njekev65/php-todo/vendor/nikic/php-parser/lib/PhpParser/Node/Scalar/String_.php(97): hexdec()
#2 [internal function]: PhpParser\Node\Scalar\String_::PhpParser\Node\Scalar\{closure}()
#3 /home/njekev65/php-todo/vendor/nikic/php-parser/lib/PhpParser/Node/Scalar/String_.php(90): preg_replace_callback()
#4 /home/njekev65/php-todo/vendor/nikic/php-parser/lib/PhpParser/Node/Scalar/String_.php(63): PhpParser\Node\Scalar\String_::parseEscapeSequences()
#5 /home/njekev65/php-todo/vendor/nikic/php-parser/lib/PhpParser/Parser/Php7.php(2347): PhpParser\Node\Scalar\String_::parse()
#6 /home/njekev65/php-todo/vendor/nikic/php-parser/lib/PhpParser/ParserAbstract.php(244): PhpParser\Parser\Php7->reduceRule382()
#7 /home/njekev65/php-todo/vendor/nikic/php-parser/lib/PhpParser/Parser/Multiple.php(58): PhpParser\ParserAbstract->parse()
#8 /home/njekev65/php-todo/vendor/nikic/php-parser/lib/PhpParser/Parser/Multiple.php(29): PhpParser\Parser\Multiple->tryParse()
#9 /home/njekev65/php-todo/vendor/classpreloader/classpreloader/src/ClassPreloader.php(127): PhpParser\Parser\Multiple->parse()
#10 /home/njekev65/php-todo/vendor/laravel/framework/src/Illuminate/Foundation/Console/OptimizeCommand.php(83): ClassPreloader\ClassPreloader->getCode()
#11 /home/njekev65/php-todo/vendor/laravel/framework/src/Illuminate/Foundation/Console/OptimizeCommand.php(64): Illuminate\Foundation\Console\OptimizeCommand->compileClasses()
#12 [internal function]: Illuminate\Foundation\Console\OptimizeCommand->fire()
#13 /home/njekev65/php-todo/vendor/laravel/framework/src/Illuminate/Container/Container.php(507): call_user_func_array()
#14 /home/njekev65/php-todo/vendor/laravel/framework/src/Illuminate/Console/Command.php(169): Illuminate\Container\Container->call()
#15 /home/njekev65/php-todo/vendor/symfony/console/Command/Command.php(256): Illuminate\Console\Command->execute()
#16 /home/njekev65/php-todo/vendor/laravel/framework/src/Illuminate/Console/Command.php(155): Symfony\Component\Console\Command\Command->run()
#17 /home/njekev65/php-todo/vendor/symfony/console/Application.php(791): Illuminate\Console\Command->run()
#18 /home/njekev65/php-todo/vendor/symfony/console/Application.php(186): Symfony\Component\Console\Application->doRunCommand()
#19 /home/njekev65/php-todo/vendor/symfony/console/Application.php(117): Symfony\Component\Console\Application->doRun()
#20 /home/njekev65/php-todo/vendor/laravel/framework/src/Illuminate/Foundation/Console/Kernel.php(107): Symfony\Component\Console\Application->run()
#21 /home/njekev65/php-todo/artisan(35): Illuminate\Foundation\Console\Kernel->handle()
#22 {main}  
[2024-12-04 15:40:42] production.ERROR: ErrorException: Invalid characters passed for attempted conversion, these have been ignored in /home/njekev65/php-todo/vendor/nikic/php-parser/lib/PhpParser/Node/Scalar/String_.php:97
Stack trace:
#0 [internal function]: Illuminate\Foundation\Bootstrap\HandleExceptions->handleError()
#1 /home/njekev65/php-todo/vendor/nikic/php-parser/lib/PhpParser/Node/Scalar/String_.php(97): hexdec()
#2 [internal function]: PhpParser\Node\Scalar\String_::PhpParser\Node\Scalar\{closure}()
#3 /home/njekev65/php-todo/vendor/nikic/php-parser/lib/PhpParser/Node/Scalar/String_.php(90): preg_replace_callback()
#4 /home/njekev65/php-todo/vendor/nikic/php-parser/lib/PhpParser/Node/Scalar/String_.php(63): PhpParser\Node\Scalar\String_::parseEscapeSequences()
#5 /home/njekev65/php-todo/vendor/nikic/php-parser/lib/PhpParser/Parser/Php7.php(2347): PhpParser\Node\Scalar\String_::parse()
#6 /home/njekev65/php-todo/vendor/nikic/php-parser/lib/PhpParser/ParserAbstract.php(244): PhpParser\Parser\Php7->reduceRule382()
#7 /home/njekev65/php-todo/vendor/nikic/php-parser/lib/PhpParser/Parser/Multiple.php(58): PhpParser\ParserAbstract->parse()
#8 /home/njekev65/php-todo/vendor/nikic/php-parser/lib/PhpParser/Parser/Multiple.php(29): PhpParser\Parser\Multiple->tryParse()
#9 /home/njekev65/php-todo/vendor/classpreloader/classpreloader/src/ClassPreloader.php(127): PhpParser\Parser\Multiple->parse()
#10 /home/njekev65/php-todo/vendor/laravel/framework/src/Illuminate/Foundation/Console/OptimizeCommand.php(83): ClassPreloader\ClassPreloader->getCode()
#11 /home/njekev65/php-todo/vendor/laravel/framework/src/Illuminate/Foundation/Console/OptimizeCommand.php(64): Illuminate\Foundation\Console\OptimizeCommand->compileClasses()
#12 [internal function]: Illuminate\Foundation\Console\OptimizeCommand->fire()
#13 /home/njekev65/php-todo/vendor/laravel/framework/src/Illuminate/Container/Container.php(507): call_user_func_array()
#14 /home/njekev65/php-todo/vendor/laravel/framework/src/Illuminate/Console/Command.php(169): Illuminate\Container\Container->call()
#15 /home/njekev65/php-todo/vendor/symfony/console/Command/Command.php(256): Illuminate\Console\Command->execute()
#16 /home/njekev65/php-todo/vendor/laravel/framework/src/Illuminate/Console/Command.php(155): Symfony\Component\Console\Command\Command->run()
#17 /home/njekev65/php-todo/vendor/symfony/console/Application.php(791): Illuminate\Console\Command->run()
#18 /home/njekev65/php-todo/vendor/symfony/console/Application.php(186): Symfony\Component\Console\Application->doRunCommand()
#19 /home/njekev65/php-todo/vendor/symfony/console/Application.php(117): Symfony\Component\Console\Application->doRun()
#20 /home/njekev65/php-todo/vendor/laravel/framework/src/Illuminate/Foundation/Console/Kernel.php(107): Symfony\Component\Console\Application->run()
#21 /home/njekev65/php-todo/artisan(35): Illuminate\Foundation\Console\Kernel->handle()
#22 {main}  
[2024-12-04 15:40:59] production.ERROR: ErrorException: Invalid characters passed for attempted conversion, these have been ignored in /home/njekev65/php-todo/vendor/nikic/php-parser/lib/PhpParser/Node/Scalar/String_.php:97
Stack trace:
#0 [internal function]: Illuminate\Foundation\Bootstrap\HandleExceptions->handleError()
#1 /home/njekev65/php-todo/vendor/nikic/php-parser/lib/PhpParser/Node/Scalar/String_.php(97): hexdec()
#2 [internal function]: PhpParser\Node\Scalar\String_::PhpParser\Node\Scalar\{closure}()
#3 /home/njekev65/php-todo/vendor/nikic/php-parser/lib/PhpParser/Node/Scalar/String_.php(90): preg_replace_callback()
#4 /home/njekev65/php-todo/vendor/nikic/php-parser/lib/PhpParser/Node/Scalar/String_.php(63): PhpParser\Node\Scalar\String_::parseEscapeSequences()
#5 /home/njekev65/php-todo/vendor/nikic/php-parser/lib/PhpParser/Parser/Php7.php(2347): PhpParser\Node\Scalar\String_::parse()
#6 /home/njekev65/php-todo/vendor/nikic/php-parser/lib/PhpParser/ParserAbstract.php(244): PhpParser\Parser\Php7->reduceRule382()
#7 /home/njekev65/php-todo/vendor/nikic/php-parser/lib/PhpParser/Parser/Multiple.php(58): PhpParser\ParserAbstract->parse()
#8 /home/njekev65/php-todo/vendor/nikic/php-parser/lib/PhpParser/Parser/Multiple.php(29): PhpParser\Parser\Multiple->tryParse()
#9 /home/njekev65/php-todo/vendor/classpreloader/classpreloader/src/ClassPreloader.php(127): PhpParser\Parser\Multiple->parse()
#10 /home/njekev65/php-todo/vendor/laravel/framework/src/Illuminate/Foundation/Console/OptimizeCommand.php(83): ClassPreloader\ClassPreloader->getCode()
#11 /home/njekev65/php-todo/vendor/laravel/framework/src/Illuminate/Foundation/Console/OptimizeCommand.php(64): Illuminate\Foundation\Console\OptimizeCommand->compileClasses()
#12 [internal function]: Illuminate\Foundation\Console\OptimizeCommand->fire()
#13 /home/njekev65/php-todo/vendor/laravel/framework/src/Illuminate/Container/Container.php(507): call_user_func_array()
#14 /home/njekev65/php-todo/vendor/laravel/framework/src/Illuminate/Console/Command.php(169): Illuminate\Container\Container->call()
#15 /home/njekev65/php-todo/vendor/symfony/console/Command/Command.php(256): Illuminate\Console\Command->execute()
#16 /home/njekev65/php-todo/vendor/laravel/framework/src/Illuminate/Console/Command.php(155): Symfony\Component\Console\Command\Command->run()
#17 /home/njekev65/php-todo/vendor/symfony/console/Application.php(791): Illuminate\Console\Command->run()
#18 /home/njekev65/php-todo/vendor/symfony/console/Application.php(186): Symfony\Component\Console\Application->doRunCommand()
#19 /home/njekev65/php-todo/vendor/symfony/console/Application.php(117): Symfony\Component\Console\Application->doRun()
#20 /home/njekev65/php-todo/vendor/laravel/framework/src/Illuminate/Foundation/Console/Kernel.php(107): Symfony\Component\Console\Application->run()
#21 /home/njekev65/php-todo/artisan(35): Illuminate\Foundation\Console\Kernel->handle()
#22 {main}  
[2024-12-04 15:41:54] production.ERROR: ErrorException: Invalid characters passed for attempted conversion, these have been ignored in /home/njekev65/php-todo/vendor/nikic/php-parser/lib/PhpParser/Node/Scalar/String_.php:97
Stack trace:
#0 [internal function]: Illuminate\Foundation\Bootstrap\HandleExceptions->handleError()
#1 /home/njekev65/php-todo/vendor/nikic/php-parser/lib/PhpParser/Node/Scalar/String_.php(97): hexdec()
#2 [internal function]: PhpParser\Node\Scalar\String_::PhpParser\Node\Scalar\{closure}()
#3 /home/njekev65/php-todo/vendor/nikic/php-parser/lib/PhpParser/Node/Scalar/String_.php(90): preg_replace_callback()
#4 /home/njekev65/php-todo/vendor/nikic/php-parser/lib/PhpParser/Node/Scalar/String_.php(63): PhpParser\Node\Scalar\String_::parseEscapeSequences()
#5 /home/njekev65/php-todo/vendor/nikic/php-parser/lib/PhpParser/Parser/Php7.php(2347): PhpParser\Node\Scalar\String_::parse()
#6 /home/njekev65/php-todo/vendor/nikic/php-parser/lib/PhpParser/ParserAbstract.php(244): PhpParser\Parser\Php7->reduceRule382()
#7 /home/njekev65/php-todo/vendor/nikic/php-parser/lib/PhpParser/Parser/Multiple.php(58): PhpParser\ParserAbstract->parse()
#8 /home/njekev65/php-todo/vendor/nikic/php-parser/lib/PhpParser/Parser/Multiple.php(29): PhpParser\Parser\Multiple->tryParse()
#9 /home/njekev65/php-todo/vendor/classpreloader/classpreloader/src/ClassPreloader.php(127): PhpParser\Parser\Multiple->parse()
#10 /home/njekev65/php-todo/vendor/laravel/framework/src/Illuminate/Foundation/Console/OptimizeCommand.php(83): ClassPreloader\ClassPreloader->getCode()
#11 /home/njekev65/php-todo/vendor/laravel/framework/src/Illuminate/Foundation/Console/OptimizeCommand.php(64): Illuminate\Foundation\Console\OptimizeCommand->compileClasses()
#12 [internal function]: Illuminate\Foundation\Console\OptimizeCommand->fire()
#13 /home/njekev65/php-todo/vendor/laravel/framework/src/Illuminate/Container/Container.php(507): call_user_func_array()
#14 /home/njekev65/php-todo/vendor/laravel/framework/src/Illuminate/Console/Command.php(169): Illuminate\Container\Container->call()
#15 /home/njekev65/php-todo/vendor/symfony/console/Command/Command.php(256): Illuminate\Console\Command->execute()
#16 /home/njekev65/php-todo/vendor/laravel/framework/src/Illuminate/Console/Command.php(155): Symfony\Component\Console\Command\Command->run()
#17 /home/njekev65/php-todo/vendor/symfony/console/Application.php(791): Illuminate\Console\Command->run()
#18 /home/njekev65/php-todo/vendor/symfony/console/Application.php(186): Symfony\Component\Console\Application->doRunCommand()
#19 /home/njekev65/php-todo/vendor/symfony/console/Application.php(117): Symfony\Component\Console\Application->doRun()
#20 /home/njekev65/php-todo/vendor/laravel/framework/src/Illuminate/Foundation/Console/Kernel.php(107): Symfony\Component\Console\Application->run()
#21 /home/njekev65/php-todo/artisan(35): Illuminate\Foundation\Console\Kernel->handle()
#22 {main}  
